This is pdfTeX, Version 3.14159265-2.6-1.40.20 (TeX Live 2019/Debian) (preloaded format=pdflatex 2021.12.29)  7 NOV 2022 14:24
entering extended mode
 restricted \write18 enabled.
 %&-line parsing enabled.
**ME5401.tex
(./ME5401.tex
LaTeX2e <2020-02-02> patch level 2
L3 programming layer <2020-02-14>
(/usr/share/texlive/texmf-dist/tex/latex/base/article.cls
Document Class: article 2019/12/20 v1.4l Standard LaTeX document class
(/usr/share/texlive/texmf-dist/tex/latex/base/size10.clo
File: size10.clo 2019/12/20 v1.4l Standard LaTeX file (size option)
)
\c@part=\count167
\c@section=\count168
\c@subsection=\count169
\c@subsubsection=\count170
\c@paragraph=\count171
\c@subparagraph=\count172
\c@figure=\count173
\c@table=\count174
\abovecaptionskip=\skip47
\belowcaptionskip=\skip48
\bibindent=\dimen134
)
(/usr/share/texlive/texmf-dist/tex/latex/graphics/graphicx.sty
Package: graphicx 2019/11/30 v1.2a Enhanced LaTeX Graphics (DPC,SPQR)

(/usr/share/texlive/texmf-dist/tex/latex/graphics/keyval.sty
Package: keyval 2014/10/28 v1.15 key=value parser (DPC)
\KV@toks@=\toks14
)
(/usr/share/texlive/texmf-dist/tex/latex/graphics/graphics.sty
Package: graphics 2019/11/30 v1.4a Standard LaTeX Graphics (DPC,SPQR)

(/usr/share/texlive/texmf-dist/tex/latex/graphics/trig.sty
Package: trig 2016/01/03 v1.10 sin cos tan (DPC)
)
(/usr/share/texlive/texmf-dist/tex/latex/graphics-cfg/graphics.cfg
File: graphics.cfg 2016/06/04 v1.11 sample graphics configuration
)
Package graphics Info: Driver file: pdftex.def on input line 105.

(/usr/share/texlive/texmf-dist/tex/latex/graphics-def/pdftex.def
File: pdftex.def 2018/01/08 v1.0l Graphics/color driver for pdftex
))
\Gin@req@height=\dimen135
\Gin@req@width=\dimen136
)
(/usr/share/texlive/texmf-dist/tex/latex/float/float.sty
Package: float 2001/11/08 v1.3d Float enhancements (AL)
\c@float@type=\count175
\float@exts=\toks15
\float@box=\box45
\@float@everytoks=\toks16
\@floatcapt=\box46
)
(/usr/share/texlive/texmf-dist/tex/latex/amsfonts/amssymb.sty
Package: amssymb 2013/01/14 v3.01 AMS font symbols

(/usr/share/texlive/texmf-dist/tex/latex/amsfonts/amsfonts.sty
Package: amsfonts 2013/01/14 v3.01 Basic AMSFonts support
\@emptytoks=\toks17
\symAMSa=\mathgroup4
\symAMSb=\mathgroup5
LaTeX Font Info:    Redeclaring math symbol \hbar on input line 98.
LaTeX Font Info:    Overwriting math alphabet `\mathfrak' in version `bold'
(Font)                  U/euf/m/n --> U/euf/b/n on input line 106.
))
(/usr/share/texlive/texmf-dist/tex/latex/amsmath/amsmath.sty
Package: amsmath 2020/01/20 v2.17e AMS math features
\@mathmargin=\skip49

For additional information on amsmath, use the `?' option.
(/usr/share/texlive/texmf-dist/tex/latex/amsmath/amstext.sty
Package: amstext 2000/06/29 v2.01 AMS text

(/usr/share/texlive/texmf-dist/tex/latex/amsmath/amsgen.sty
File: amsgen.sty 1999/11/30 v2.0 generic functions
\@emptytoks=\toks18
\ex@=\dimen137
))
(/usr/share/texlive/texmf-dist/tex/latex/amsmath/amsbsy.sty
Package: amsbsy 1999/11/29 v1.2d Bold Symbols
\pmbraise@=\dimen138
)
(/usr/share/texlive/texmf-dist/tex/latex/amsmath/amsopn.sty
Package: amsopn 2016/03/08 v2.02 operator names
)
\inf@bad=\count176
LaTeX Info: Redefining \frac on input line 227.
\uproot@=\count177
\leftroot@=\count178
LaTeX Info: Redefining \overline on input line 389.
\classnum@=\count179
\DOTSCASE@=\count180
LaTeX Info: Redefining \ldots on input line 486.
LaTeX Info: Redefining \dots on input line 489.
LaTeX Info: Redefining \cdots on input line 610.
\Mathstrutbox@=\box47
\strutbox@=\box48
\big@size=\dimen139
LaTeX Font Info:    Redeclaring font encoding OML on input line 733.
LaTeX Font Info:    Redeclaring font encoding OMS on input line 734.
\macc@depth=\count181
\c@MaxMatrixCols=\count182
\dotsspace@=\muskip16
\c@parentequation=\count183
\dspbrk@lvl=\count184
\tag@help=\toks19
\row@=\count185
\column@=\count186
\maxfields@=\count187
\andhelp@=\toks20
\eqnshift@=\dimen140
\alignsep@=\dimen141
\tagshift@=\dimen142
\tagwidth@=\dimen143
\totwidth@=\dimen144
\lineht@=\dimen145
\@envbody=\toks21
\multlinegap=\skip50
\multlinetaggap=\skip51
\mathdisplay@stack=\toks22
LaTeX Info: Redefining \[ on input line 2859.
LaTeX Info: Redefining \] on input line 2860.
)
(/usr/share/texlive/texmf-dist/tex/latex/mathtools/mathtools.sty
Package: mathtools 2020/01/17 v1.23 mathematical typesetting tools

(/usr/share/texlive/texmf-dist/tex/latex/tools/calc.sty
Package: calc 2017/05/25 v4.3 Infix arithmetic (KKT,FJ)
\calc@Acount=\count188
\calc@Bcount=\count189
\calc@Adimen=\dimen146
\calc@Bdimen=\dimen147
\calc@Askip=\skip52
\calc@Bskip=\skip53
LaTeX Info: Redefining \setlength on input line 80.
LaTeX Info: Redefining \addtolength on input line 81.
\calc@Ccount=\count190
\calc@Cskip=\skip54
)
(/usr/share/texlive/texmf-dist/tex/latex/mathtools/mhsetup.sty
Package: mhsetup 2017/03/31 v1.3 programming setup (MH)
)
LaTeX Info: Thecontrolsequence`\('isalreadyrobust on input line 129.
LaTeX Info: Thecontrolsequence`\)'isalreadyrobust on input line 129.
LaTeX Info: Thecontrolsequence`\['isalreadyrobust on input line 129.
LaTeX Info: Thecontrolsequence`\]'isalreadyrobust on input line 129.
\g_MT_multlinerow_int=\count191
\l_MT_multwidth_dim=\dimen148
\origjot=\skip55
\l_MT_shortvdotswithinadjustabove_dim=\dimen149
\l_MT_shortvdotswithinadjustbelow_dim=\dimen150
\l_MT_above_intertext_sep=\dimen151
\l_MT_below_intertext_sep=\dimen152
\l_MT_above_shortintertext_sep=\dimen153
\l_MT_below_shortintertext_sep=\dimen154
)
(/usr/share/texlive/texmf-dist/tex/latex/ntheorem/ntheorem.sty
Style `ntheorem', Version 1.33 <2011/08/15>
Package: ntheorem 2011/08/15 1.33
(/usr/share/texlive/texmf-dist/tex/latex/base/ifthen.sty
Package: ifthen 2014/09/29 v1.1c Standard LaTeX ifthen package (DPC)
)
\theorem@style=\toks23
\theorem@@style=\toks24
\theorembodyfont=\toks25
\theoremnumbering=\toks26
\theorempreskipamount=\skip56
\theorempostskipamount=\skip57
\theoremframepreskipamount=\skip58
\theoremframepostskipamount=\skip59
\theoreminframepreskipamount=\skip60
\theoreminframepostskipamount=\skip61
\theorem@preskip=\toks27
\theorem@postskip=\toks28
\theorem@framepreskip=\toks29
\theorem@framepostskip=\toks30
\theorem@inframepreskip=\toks31
\theorem@inframepostskip=\toks32
\theoremindent=\dimen155
\theorem@indent=\dimen156
\theoremrightindent=\dimen157
\theorem@rightindent=\dimen158
\theoremheaderfont=\toks33
\theoremseparator=\toks34
\theoremprework=\toks35
\theorempostwork=\toks36
\theoremsymbol=\toks37
\qedsymbol=\toks38
\theoremkeyword=\toks39
\qedsymbol=\toks40
\thm@topsep=\skip62
\thm@topsepadd=\skip63
Package ntheorem Info: Option `thmmarks' loaded on input line 1175.
\c@endNonectr=\count192
\c@currNonectr=\count193
\mysavskip=\skip64
Package ntheorem Info: option `amsmath' handling for `thmmarks' loaded on input
 line 1175.
\thm@amstmpdepth=\dimen159
\tagwidth=\dimen160
)
(/usr/share/texlive/texmf-dist/tex/latex/tools/bm.sty
Package: bm 2019/07/24 v1.2d Bold Symbol Support (DPC/FMi)
\symboldoperators=\mathgroup6
\symboldletters=\mathgroup7
\symboldsymbols=\mathgroup8
LaTeX Font Info:    Redeclaring math alphabet \mathbf on input line 141.
LaTeX Info: Redefining \bm on input line 209.
)
(/usr/share/texlive/texmf-dist/tex/latex/hyperref/hyperref.sty
Package: hyperref 2020/01/14 v7.00d Hypertext links for LaTeX

(/usr/share/texlive/texmf-dist/tex/generic/ltxcmds/ltxcmds.sty
Package: ltxcmds 2019/12/15 v1.24 LaTeX kernel commands for general use (HO)
)
(/usr/share/texlive/texmf-dist/tex/generic/iftex/iftex.sty
Package: iftex 2019/11/07 v1.0c TeX engine tests
)
(/usr/share/texlive/texmf-dist/tex/latex/pdftexcmds/pdftexcmds.sty
Package: pdftexcmds 2019/11/24 v0.31 Utility functions of pdfTeX for LuaTeX (HO
)

(/usr/share/texlive/texmf-dist/tex/generic/infwarerr/infwarerr.sty
Package: infwarerr 2019/12/03 v1.5 Providing info/warning/error messages (HO)
)
Package pdftexcmds Info: \pdf@primitive is available.
Package pdftexcmds Info: \pdf@ifprimitive is available.
Package pdftexcmds Info: \pdfdraftmode found.
)
(/usr/share/texlive/texmf-dist/tex/generic/kvsetkeys/kvsetkeys.sty
Package: kvsetkeys 2019/12/15 v1.18 Key value parser (HO)
)
(/usr/share/texlive/texmf-dist/tex/generic/kvdefinekeys/kvdefinekeys.sty
Package: kvdefinekeys 2019-12-19 v1.6 Define keys (HO)
)
(/usr/share/texlive/texmf-dist/tex/generic/pdfescape/pdfescape.sty
Package: pdfescape 2019/12/09 v1.15 Implements pdfTeX's escape features (HO)
)
(/usr/share/texlive/texmf-dist/tex/latex/hycolor/hycolor.sty
Package: hycolor 2020-01-27 v1.10 Color options for hyperref/bookmark (HO)
)
(/usr/share/texlive/texmf-dist/tex/latex/letltxmacro/letltxmacro.sty
Package: letltxmacro 2019/12/03 v1.6 Let assignment for LaTeX macros (HO)
)
(/usr/share/texlive/texmf-dist/tex/latex/auxhook/auxhook.sty
Package: auxhook 2019-12-17 v1.6 Hooks for auxiliary files (HO)
)
(/usr/share/texlive/texmf-dist/tex/latex/kvoptions/kvoptions.sty
Package: kvoptions 2019/11/29 v3.13 Key value format for package options (HO)
)
\@linkdim=\dimen161
\Hy@linkcounter=\count194
\Hy@pagecounter=\count195

(/usr/share/texlive/texmf-dist/tex/latex/hyperref/pd1enc.def
File: pd1enc.def 2020/01/14 v7.00d Hyperref: PDFDocEncoding definition (HO)
Now handling font encoding PD1 ...
... no UTF-8 mapping file for font encoding PD1
)
(/usr/share/texlive/texmf-dist/tex/generic/intcalc/intcalc.sty
Package: intcalc 2019/12/15 v1.3 Expandable calculations with integers (HO)
)
(/usr/share/texlive/texmf-dist/tex/generic/etexcmds/etexcmds.sty
Package: etexcmds 2019/12/15 v1.7 Avoid name clashes with e-TeX commands (HO)
)
\Hy@SavedSpaceFactor=\count196
\pdfmajorversion=\count197
Package hyperref Info: Option `colorlinks' set `true' on input line 4421.
Package hyperref Info: Hyper figures OFF on input line 4547.
Package hyperref Info: Link nesting OFF on input line 4552.
Package hyperref Info: Hyper index ON on input line 4555.
Package hyperref Info: Plain pages OFF on input line 4562.
Package hyperref Info: Backreferencing OFF on input line 4567.
Package hyperref Info: Implicit mode ON; LaTeX internals redefined.
Package hyperref Info: Bookmarks ON on input line 4800.
\c@Hy@tempcnt=\count198

(/usr/share/texlive/texmf-dist/tex/latex/url/url.sty
\Urlmuskip=\muskip17
Package: url 2013/09/16  ver 3.4  Verb mode for urls, etc.
)
LaTeX Info: Redefining \url on input line 5159.
\XeTeXLinkMargin=\dimen162

(/usr/share/texlive/texmf-dist/tex/generic/bitset/bitset.sty
Package: bitset 2019/12/09 v1.3 Handle bit-vector datatype (HO)

(/usr/share/texlive/texmf-dist/tex/generic/bigintcalc/bigintcalc.sty
Package: bigintcalc 2019/12/15 v1.5 Expandable calculations on big integers (HO
)
))
\Fld@menulength=\count199
\Field@Width=\dimen163
\Fld@charsize=\dimen164
Package hyperref Info: Hyper figures OFF on input line 6430.
Package hyperref Info: Link nesting OFF on input line 6435.
Package hyperref Info: Hyper index ON on input line 6438.
Package hyperref Info: backreferencing OFF on input line 6445.
Package hyperref Info: Link coloring ON on input line 6448.
Package hyperref Info: Link coloring with OCG OFF on input line 6455.
Package hyperref Info: PDF/A mode OFF on input line 6460.
LaTeX Info: Redefining \ref on input line 6500.
LaTeX Info: Redefining \pageref on input line 6504.

(/usr/share/texlive/texmf-dist/tex/generic/atbegshi/atbegshi.sty
Package: atbegshi 2019/12/05 v1.19 At begin shipout hook (HO)
)
\Hy@abspage=\count266
\c@Item=\count267
\c@Hfootnote=\count268
)
Package hyperref Info: Driver (autodetected): hpdftex.

(/usr/share/texlive/texmf-dist/tex/latex/hyperref/hpdftex.def
File: hpdftex.def 2020/01/14 v7.00d Hyperref driver for pdfTeX

(/usr/share/texlive/texmf-dist/tex/latex/atveryend/atveryend.sty
Package: atveryend 2019-12-11 v1.11 Hooks at the very end of document (HO)
Package atveryend Info: \enddocument detected (standard20110627).
)
\Fld@listcount=\count269
\c@bookmark@seq@number=\count270

(/usr/share/texlive/texmf-dist/tex/latex/rerunfilecheck/rerunfilecheck.sty
Package: rerunfilecheck 2019/12/05 v1.9 Rerun checks for auxiliary files (HO)

(/usr/share/texlive/texmf-dist/tex/generic/uniquecounter/uniquecounter.sty
Package: uniquecounter 2019/12/15 v1.4 Provide unlimited unique counter (HO)
)
Package uniquecounter Info: New unique counter `rerunfilecheck' on input line 2
86.
)
\Hy@SectionHShift=\skip65
)
(/usr/share/texlive/texmf-dist/tex/latex/extarrows/extarrows.sty
Package: extarrows 2008/05/15 v1.0b Some extensible arrows
)
(/usr/share/texlive/texmf-dist/tex/latex/footmisc/footmisc.sty
Package: footmisc 2011/06/06 v5.5b a miscellany of footnote facilities
\FN@temptoken=\toks41
\footnotemargin=\dimen165
\c@pp@next@reset=\count271
Package footmisc Info: Declaring symbol style bringhurst on input line 855.
Package footmisc Info: Declaring symbol style chicago on input line 863.
Package footmisc Info: Declaring symbol style wiley on input line 872.
Package footmisc Info: Declaring symbol style lamport-robust on input line 883.

Package footmisc Info: Declaring symbol style lamport* on input line 903.
Package footmisc Info: Declaring symbol style lamport*-robust on input line 924
.
)
(/usr/share/texlive/texmf-dist/tex/latex/natbib/natbib.sty
Package: natbib 2010/09/13 8.31b (PWD, AO)
\bibhang=\skip66
\bibsep=\skip67
LaTeX Info: Redefining \cite on input line 694.
\c@NAT@ctr=\count272
)
(/usr/share/texlive/texmf-dist/tex/latex/jknapltx/mathrsfs.sty
Package: mathrsfs 1996/01/01 Math RSFS package v1.0 (jk)
\symrsfs=\mathgroup9
)
(/usr/share/texlive/texmf-dist/tex/latex/caption/caption.sty
Package: caption 2020/01/03 v3.4h Customizing captions (AR)

(/usr/share/texlive/texmf-dist/tex/latex/caption/caption3.sty
Package: caption3 2020/01/03 v1.8h caption3 kernel (AR)
Package caption3 Info: TeX engine: e-TeX on input line 61.
\captionmargin=\dimen166
\captionmargin@=\dimen167
\captionwidth=\dimen168
\caption@tempdima=\dimen169
\caption@indent=\dimen170
\caption@parindent=\dimen171
\caption@hangindent=\dimen172
Package caption Info: Standard document class detected.
)
\c@caption@flags=\count273
\c@continuedfloat=\count274
Package caption Info: float package is loaded.
Package caption Info: hyperref package is loaded.
)
(/usr/share/texlive/texmf-dist/tex/latex/caption/subcaption.sty
Package: subcaption 2020/01/22 v1.3d Sub-captions (AR)
\c@subfigure=\count275
\c@subtable=\count276
)
(/usr/share/texlive/texmf-dist/tex/latex/booktabs/booktabs.sty
Package: booktabs 2020/01/12 v1.61803398 Publication quality tables
\heavyrulewidth=\dimen173
\lightrulewidth=\dimen174
\cmidrulewidth=\dimen175
\belowrulesep=\dimen176
\belowbottomsep=\dimen177
\aboverulesep=\dimen178
\abovetopsep=\dimen179
\cmidrulesep=\dimen180
\cmidrulekern=\dimen181
\defaultaddspace=\dimen182
\@cmidla=\count277
\@cmidlb=\count278
\@aboverulesep=\dimen183
\@belowrulesep=\dimen184
\@thisruleclass=\count279
\@lastruleclass=\count280
\@thisrulewidth=\dimen185
)
(/usr/share/texlive/texmf-dist/tex/latex/tocloft/tocloft.sty
Package: tocloft 2017/08/31 v2.3i parameterised ToC, etc., typesetting
Package tocloft Info: The document has section divisions on input line 51.
\cftparskip=\skip68
\cftbeforetoctitleskip=\skip69
\cftaftertoctitleskip=\skip70
\cftbeforepartskip=\skip71
\cftpartnumwidth=\skip72
\cftpartindent=\skip73
\cftbeforesecskip=\skip74
\cftsecindent=\skip75
\cftsecnumwidth=\skip76
\cftbeforesubsecskip=\skip77
\cftsubsecindent=\skip78
\cftsubsecnumwidth=\skip79
\cftbeforesubsubsecskip=\skip80
\cftsubsubsecindent=\skip81
\cftsubsubsecnumwidth=\skip82
\cftbeforeparaskip=\skip83
\cftparaindent=\skip84
\cftparanumwidth=\skip85
\cftbeforesubparaskip=\skip86
\cftsubparaindent=\skip87
\cftsubparanumwidth=\skip88
\cftbeforeloftitleskip=\skip89
\cftafterloftitleskip=\skip90
\cftbeforefigskip=\skip91
\cftfigindent=\skip92
\cftfignumwidth=\skip93
\c@lofdepth=\count281
\c@lotdepth=\count282
\cftbeforelottitleskip=\skip94
\cftafterlottitleskip=\skip95
\cftbeforetabskip=\skip96
\cfttabindent=\skip97
\cfttabnumwidth=\skip98
)
\c@currproofctr=\count283
\c@endproofctr=\count284
\c@proof=\count285

(/usr/share/texlive/texmf-dist/tex/latex/tools/theorem.sty)
\c@currtheoremctr=\count286
\c@endtheoremctr=\count287
\c@theorem=\count288
\c@currlemmactr=\count289
\c@endlemmactr=\count290
\c@lemma=\count291
\c@currdefinitionctr=\count292
\c@enddefinitionctr=\count293
\c@definition=\count294
\c@currassumptionctr=\count295
\c@endassumptionctr=\count296
\c@assumption=\count297
\c@currexamplectr=\count298
\c@endexamplectr=\count299
\c@example=\count300
\c@currcorollaryctr=\count301
\c@endcorollaryctr=\count302
\c@corollary=\count303
\c@currremarkctr=\count304
\c@endremarkctr=\count305
\c@remark=\count306

(/usr/share/texlive/texmf-dist/tex/latex/abstract/abstract.sty
Package: abstract 2009/06/08 v1.2a configurable abstracts
\abstitleskip=\skip99
\absleftindent=\skip100
\absrightindent=\skip101
\absparindent=\skip102
\absparsep=\skip103
)
(/usr/share/texlive/texmf-dist/tex/latex/geometry/geometry.sty
Package: geometry 2020/01/02 v5.9 Page Geometry

(/usr/share/texlive/texmf-dist/tex/generic/iftex/ifvtex.sty
Package: ifvtex 2019/10/25 v1.7 ifvtex legacy package. Use iftex instead.
)
\Gm@cnth=\count307
\Gm@cntv=\count308
\c@Gm@tempcnt=\count309
\Gm@bindingoffset=\dimen186
\Gm@wd@mp=\dimen187
\Gm@odd@mp=\dimen188
\Gm@even@mp=\dimen189
\Gm@layoutwidth=\dimen190
\Gm@layoutheight=\dimen191
\Gm@layouthoffset=\dimen192
\Gm@layoutvoffset=\dimen193
\Gm@dimlist=\toks42
)
(/usr/share/texlive/texmf-dist/tex/latex/l3backend/l3backend-pdfmode.def
File: l3backend-pdfmode.def 2020-02-03 L3 backend support: PDF mode
\l__kernel_color_stack_int=\count310
\l__pdf_internal_box=\box49
)
(./ME5401.aux)
\openout1 = `ME5401.aux'.

LaTeX Font Info:    Checking defaults for OML/cmm/m/it on input line 61.
LaTeX Font Info:    ... okay on input line 61.
LaTeX Font Info:    Checking defaults for OMS/cmsy/m/n on input line 61.
LaTeX Font Info:    ... okay on input line 61.
LaTeX Font Info:    Checking defaults for OT1/cmr/m/n on input line 61.
LaTeX Font Info:    ... okay on input line 61.
LaTeX Font Info:    Checking defaults for T1/cmr/m/n on input line 61.
LaTeX Font Info:    ... okay on input line 61.
LaTeX Font Info:    Checking defaults for TS1/cmr/m/n on input line 61.
LaTeX Font Info:    ... okay on input line 61.
LaTeX Font Info:    Checking defaults for OMX/cmex/m/n on input line 61.
LaTeX Font Info:    ... okay on input line 61.
LaTeX Font Info:    Checking defaults for U/cmr/m/n on input line 61.
LaTeX Font Info:    ... okay on input line 61.
LaTeX Font Info:    Checking defaults for PD1/pdf/m/n on input line 61.
LaTeX Font Info:    ... okay on input line 61.

(/usr/share/texlive/texmf-dist/tex/context/base/mkii/supp-pdf.mkii
[Loading MPS to PDF converter (version 2006.09.02).]
\scratchcounter=\count311
\scratchdimen=\dimen194
\scratchbox=\box50
\nofMPsegments=\count312
\nofMParguments=\count313
\everyMPshowfont=\toks43
\MPscratchCnt=\count314
\MPscratchDim=\dimen195
\MPnumerator=\count315
\makeMPintoPDFobject=\count316
\everyMPtoPDFconversion=\toks44
) (/usr/share/texlive/texmf-dist/tex/latex/epstopdf-pkg/epstopdf-base.sty
Package: epstopdf-base 2020-01-24 v2.11 Base part for package epstopdf
Package epstopdf-base Info: Redefining graphics rule for `.eps' on input line 4
85.

(/usr/share/texlive/texmf-dist/tex/latex/latexconfig/epstopdf-sys.cfg
File: epstopdf-sys.cfg 2010/07/13 v1.3 Configuration of (r)epstopdf for TeX Liv
e
))
\AtBeginShipoutBox=\box51

(/usr/share/texlive/texmf-dist/tex/latex/graphics/color.sty
Package: color 2019/11/23 v1.2a Standard LaTeX Color (DPC)

(/usr/share/texlive/texmf-dist/tex/latex/graphics-cfg/color.cfg
File: color.cfg 2016/01/02 v1.6 sample color configuration
)
Package color Info: Driver file: pdftex.def on input line 147.
)
Package hyperref Info: Link coloring ON on input line 61.

(/usr/share/texlive/texmf-dist/tex/latex/hyperref/nameref.sty
Package: nameref 2019/09/16 v2.46 Cross-referencing by name of section

(/usr/share/texlive/texmf-dist/tex/latex/refcount/refcount.sty
Package: refcount 2019/12/15 v3.6 Data extraction from label references (HO)
)
(/usr/share/texlive/texmf-dist/tex/generic/gettitlestring/gettitlestring.sty
Package: gettitlestring 2019/12/15 v1.6 Cleanup title references (HO)
)
\c@section@level=\count317
)
LaTeX Info: Redefining \ref on input line 61.
LaTeX Info: Redefining \pageref on input line 61.
LaTeX Info: Redefining \nameref on input line 61.

(./ME5401.out) (./ME5401.out)
\@outlinefile=\write3
\openout3 = `ME5401.out'.

Package caption Info: Begin \AtBeginDocument code.
Package caption Info: End \AtBeginDocument code.

*geometry* driver: auto-detecting
*geometry* detected driver: pdftex
*geometry* verbose mode - [ preamble ] result:
* driver: pdftex
* paper: a4paper
* layout: <same size as paper>
* layoutoffset:(h,v)=(0.0pt,0.0pt)
* modes: 
* h-part:(L,W,R)=(71.13188pt, 455.24411pt, 71.13188pt)
* v-part:(T,H,B)=(71.13188pt, 702.78308pt, 71.13188pt)
* \paperwidth=597.50787pt
* \paperheight=845.04684pt
* \textwidth=455.24411pt
* \textheight=702.78308pt
* \oddsidemargin=-1.1381pt
* \evensidemargin=-1.1381pt
* \topmargin=-38.1381pt
* \headheight=12.0pt
* \headsep=25.0pt
* \topskip=10.0pt
* \footskip=30.0pt
* \marginparwidth=65.0pt
* \marginparsep=11.0pt
* \columnsep=10.0pt
* \skip\footins=9.0pt plus 4.0pt minus 2.0pt
* \hoffset=0.0pt
* \voffset=0.0pt
* \mag=1000
* \@twocolumnfalse
* \@twosidefalse
* \@mparswitchfalse
* \@reversemarginfalse
* (1in=72.27pt=25.4mm, 1cm=28.453pt)

<logo.png, id=116, 301.125pt x 137.51375pt>
File: logo.png Graphic file (type png)
<use logo.png>
Package pdftex.def Info: logo.png  used on input line 65.
(pdftex.def)             Requested size: 227.62204pt x 103.95128pt.
LaTeX Font Info:    Trying to load font information for U+msa on input line 78.

(/usr/share/texlive/texmf-dist/tex/latex/amsfonts/umsa.fd
File: umsa.fd 2013/01/14 v3.01 AMS symbols A
)
LaTeX Font Info:    Trying to load font information for U+msb on input line 78.


(/usr/share/texlive/texmf-dist/tex/latex/amsfonts/umsb.fd
File: umsb.fd 2013/01/14 v3.01 AMS symbols B
)
LaTeX Font Info:    Trying to load font information for U+rsfs on input line 78
.

(/usr/share/texlive/texmf-dist/tex/latex/jknapltx/ursfs.fd
File: ursfs.fd 1998/03/24 rsfs font definition file (jk)
) [1

{/var/lib/texmf/fonts/map/pdftex/updmap/pdftex.map} <./logo.png>]pdfTeX warning
 (ext4): destination with the same identifier (name{page.1}) has been already u
sed, duplicate ignored
<to be read again> 
                   \relax 
l.107 	\newpage
                [1] (./ME5401.toc)
\tf@toc=\write4
\openout4 = `ME5401.toc'.

 [2]
<fig1.png, id=168, 632.3625pt x 421.575pt>
File: fig1.png Graphic file (type png)
<use fig1.png>
Package pdftex.def Info: fig1.png  used on input line 120.
(pdftex.def)             Requested size: 182.09486pt x 121.39163pt.
<fig2.png, id=170, 662.475pt x 406.51875pt>
File: fig2.png Graphic file (type png)
<use fig2.png>
Package pdftex.def Info: fig2.png  used on input line 129.
(pdftex.def)             Requested size: 273.14923pt x 167.61041pt.
 [3 <./fig1.png> <./fig2.png>] [4]
[5]
<fig3.png, id=218, 526.96875pt x 395.22656pt>
File: fig3.png Graphic file (type png)
<use fig3.png>
Package pdftex.def Info: fig3.png  used on input line 341.
(pdftex.def)             Requested size: 227.62204pt x 170.71602pt.

Overfull \hbox (9.10683pt too wide) in paragraph at lines 341--342
 [][] 
 []

<fig4.png, id=219, 526.96875pt x 395.22656pt>
File: fig4.png Graphic file (type png)
<use fig4.png>
Package pdftex.def Info: fig4.png  used on input line 345.
(pdftex.def)             Requested size: 227.62204pt x 170.71602pt.

Overfull \hbox (9.10683pt too wide) in paragraph at lines 345--346
 [][] 
 []

<fig37.png, id=221, 526.96875pt x 395.22656pt>
File: fig37.png Graphic file (type png)
<use fig37.png>
Package pdftex.def Info: fig37.png  used on input line 387.
(pdftex.def)             Requested size: 227.62204pt x 170.71602pt.

Overfull \hbox (9.10683pt too wide) in paragraph at lines 387--388
 [][] 
 []

<fig38.png, id=222, 526.96875pt x 395.22656pt>
File: fig38.png Graphic file (type png)
<use fig38.png>
Package pdftex.def Info: fig38.png  used on input line 391.
(pdftex.def)             Requested size: 227.62204pt x 170.71602pt.

Overfull \hbox (9.10683pt too wide) in paragraph at lines 391--392
 [][] 
 []

<fig39.png, id=224, 526.96875pt x 395.22656pt>
File: fig39.png Graphic file (type png)
<use fig39.png>
Package pdftex.def Info: fig39.png  used on input line 401.
(pdftex.def)             Requested size: 273.14923pt x 204.86768pt.
[6pdfTeX warning (ext4): destination with the same identifier (name{equation.2.
16}) has been already used, duplicate ignored

\AtBegShi@Output ...ipout \box \AtBeginShipoutBox 
                                                  \fi \fi 
l.405 	
       pdfTeX warning (ext4): destination with the same identifier (name{equati
on.2.16}) has been already used, duplicate ignored

\AtBegShi@Output ...ipout \box \AtBeginShipoutBox 
                                                  \fi \fi 
l.405 	
        <./fig3.png (PNG copy)> <./fig4.png (PNG copy)>]pdfTeX warning (ext4): 
destination with the same identifier (name{equation.2.16}) has been already use
d, duplicate ignored
<to be read again> 
                   \relax 
l.411 	\begin{equation}
                       pdfTeX warning (ext4): destination with the same identif
ier (name{equation.2.16}) has been already used, duplicate ignored
<to be read again> 
                   \relax 
l.411 	\begin{equation}
                       pdfTeX warning (ext4): destination with the same identif
ier (name{equation.2.16}) has been already used, duplicate ignored
<to be read again> 
                   \relax 
l.411 	\begin{equation}
                       pdfTeX warning (ext4): destination with the same identif
ier (name{equation.2.16}) has been already used, duplicate ignored
<to be read again> 
                   \relax 
l.411 	\begin{equation}
                        [7 <./fig37.png (PNG copy)> <./fig38.png (PNG copy)> <.
/fig39.png (PNG copy)>]
<fig5.png, id=245, 526.96875pt x 395.22656pt>
File: fig5.png Graphic file (type png)
<use fig5.png>
Package pdftex.def Info: fig5.png  used on input line 452.
(pdftex.def)             Requested size: 227.62204pt x 170.71602pt.

Overfull \hbox (9.10683pt too wide) in paragraph at lines 452--453
 [][] 
 []

<fig6.png, id=246, 526.96875pt x 395.22656pt>
File: fig6.png Graphic file (type png)
<use fig6.png>
Package pdftex.def Info: fig6.png  used on input line 456.
(pdftex.def)             Requested size: 227.62204pt x 170.71602pt.

Overfull \hbox (9.10683pt too wide) in paragraph at lines 456--457
 [][] 
 []

<fig7.png, id=247, 526.96875pt x 395.22656pt>
File: fig7.png Graphic file (type png)
<use fig7.png>
Package pdftex.def Info: fig7.png  used on input line 464.
(pdftex.def)             Requested size: 273.14923pt x 204.86768pt.
[8 <./fig5.png (PNG copy)> <./fig6.png (PNG copy)> <./fig7.png (PNG copy)>]pdfT
eX warning (ext4): destination with the same identifier (name{equation.2.19}) h
as been already used, duplicate ignored
<to be read again> 
                   \relax 
l.474 	\begin{equation}
                       pdfTeX warning (ext4): destination with the same identif
ier (name{equation.2.19}) has been already used, duplicate ignored
<to be read again> 
                   \relax 
l.474 	\begin{equation}
                       pdfTeX warning (ext4): destination with the same identif
ier (name{equation.2.19}) has been already used, duplicate ignored
<to be read again> 
                   \relax 
l.474 	\begin{equation}
                       pdfTeX warning (ext4): destination with the same identif
ier (name{equation.2.19}) has been already used, duplicate ignored
<to be read again> 
                   \relax 
l.474 	\begin{equation}
                       
<fig41.png, id=258, 526.96875pt x 395.22656pt>
File: fig41.png Graphic file (type png)
<use fig41.png>
Package pdftex.def Info: fig41.png  used on input line 494.
(pdftex.def)             Requested size: 227.62204pt x 170.71602pt.

Overfull \hbox (9.10683pt too wide) in paragraph at lines 494--495
 [][] 
 []

<fig43.png, id=259, 526.96875pt x 395.22656pt>
File: fig43.png Graphic file (type png)
<use fig43.png>
Package pdftex.def Info: fig43.png  used on input line 498.
(pdftex.def)             Requested size: 227.62204pt x 170.71602pt.

Overfull \hbox (9.10683pt too wide) in paragraph at lines 498--499
 [][] 
 []

<fig40.png, id=260, 526.96875pt x 395.22656pt>
File: fig40.png Graphic file (type png)
<use fig40.png>
Package pdftex.def Info: fig40.png  used on input line 508.
(pdftex.def)             Requested size: 158.99242pt x 125.75139pt.

Overfull \hbox (8.76103pt too wide) in paragraph at lines 508--509
 [][] 
 []

<fig42.png, id=261, 526.96875pt x 395.22656pt>
File: fig42.png Graphic file (type png)
<use fig42.png>
Package pdftex.def Info: fig42.png  used on input line 512.
(pdftex.def)             Requested size: 158.99242pt x 125.75139pt.

Overfull \hbox (8.76103pt too wide) in paragraph at lines 512--513
 [][] 
 []

<fig44.png, id=262, 526.96875pt x 395.22656pt>
File: fig44.png Graphic file (type png)
<use fig44.png>
Package pdftex.def Info: fig44.png  used on input line 516.
(pdftex.def)             Requested size: 158.99242pt x 125.75139pt.

Overfull \hbox (8.76103pt too wide) in paragraph at lines 516--519
 [][] 
 []

[9 <./fig41.png (PNG copy)> <./fig43.png (PNG copy)> <./fig40.png (PNG copy)> <
./fig42.png (PNG copy)> <./fig44.png (PNG copy)>] [10]
<fig12.png, id=287, 526.96875pt x 395.22656pt>
File: fig12.png Graphic file (type png)
<use fig12.png>
Package pdftex.def Info: fig12.png  used on input line 653.
(pdftex.def)             Requested size: 227.62204pt x 170.71602pt.

Overfull \hbox (9.10683pt too wide) in paragraph at lines 653--654
 [][] 
 []

<fig13.png, id=288, 526.96875pt x 395.22656pt>
File: fig13.png Graphic file (type png)
<use fig13.png>
Package pdftex.def Info: fig13.png  used on input line 657.
(pdftex.def)             Requested size: 227.62204pt x 170.71602pt.

Overfull \hbox (9.10683pt too wide) in paragraph at lines 657--658
 [][] 
 []

[11pdfTeX warning (ext4): destination with the same identifier (name{equation.3
.30}) has been already used, duplicate ignored

\AtBegShi@Output ...ipout \box \AtBeginShipoutBox 
                                                  \fi \fi 
l.674 	
        <./fig12.png (PNG copy)> <./fig13.png (PNG copy)>]
<fig15.png, id=300, 526.96875pt x 395.22656pt>
File: fig15.png Graphic file (type png)
<use fig15.png>
Package pdftex.def Info: fig15.png  used on input line 679.
(pdftex.def)             Requested size: 227.62204pt x 170.71602pt.

Overfull \hbox (9.10683pt too wide) in paragraph at lines 679--680
 [][] 
 []

<fig14.png, id=301, 526.96875pt x 395.22656pt>
File: fig14.png Graphic file (type png)
<use fig14.png>
Package pdftex.def Info: fig14.png  used on input line 683.
(pdftex.def)             Requested size: 227.62204pt x 170.71602pt.

Overfull \hbox (9.10683pt too wide) in paragraph at lines 683--684
 [][] 
 []

<fig16.png, id=303, 526.96875pt x 395.22656pt>
File: fig16.png Graphic file (type png)
<use fig16.png>
Package pdftex.def Info: fig16.png  used on input line 693.
(pdftex.def)             Requested size: 273.14923pt x 204.86768pt.
<fig17.png, id=306, 526.96875pt x 395.22656pt>
File: fig17.png Graphic file (type png)
<use fig17.png>
Package pdftex.def Info: fig17.png  used on input line 709.
(pdftex.def)             Requested size: 227.62204pt x 170.71602pt.

Overfull \hbox (9.10683pt too wide) in paragraph at lines 709--710
 [][] 
 []

<fig18.png, id=307, 526.96875pt x 395.22656pt>
File: fig18.png Graphic file (type png)
<use fig18.png>
Package pdftex.def Info: fig18.png  used on input line 713.
(pdftex.def)             Requested size: 227.62204pt x 170.71602pt.

Overfull \hbox (9.10683pt too wide) in paragraph at lines 713--714
 [][] 
 []

File: fig17.png Graphic file (type png)
<use fig17.png>
Package pdftex.def Info: fig17.png  used on input line 720.
(pdftex.def)             Requested size: 227.62204pt x 170.71602pt.

Overfull \hbox (9.10683pt too wide) in paragraph at lines 720--721
 [][] 
 []

<fig19.png, id=308, 526.96875pt x 395.22656pt>
File: fig19.png Graphic file (type png)
<use fig19.png>
Package pdftex.def Info: fig19.png  used on input line 724.
(pdftex.def)             Requested size: 227.62204pt x 170.71602pt.

Overfull \hbox (9.10683pt too wide) in paragraph at lines 724--725
 [][] 
 []

[12 <./fig15.png (PNG copy)> <./fig14.png (PNG copy)> <./fig16.png (PNG copy)>]
<fig20.png, id=318, 818.05624pt x 524.96124pt>
File: fig20.png Graphic file (type png)
<use fig20.png>
Package pdftex.def Info: fig20.png  used on input line 749.
(pdftex.def)             Requested size: 273.14923pt x 175.28836pt.
[13 <./fig17.png (PNG copy)> <./fig18.png (PNG copy)> <./fig19.png (PNG copy)>]
<fig22.png, id=333, 526.96875pt x 395.22656pt>
File: fig22.png Graphic file (type png)
<use fig22.png>
Package pdftex.def Info: fig22.png  used on input line 816.
(pdftex.def)             Requested size: 227.62204pt x 170.71602pt.

Overfull \hbox (9.10683pt too wide) in paragraph at lines 816--817
 [][] 
 []

<fig21.png, id=334, 526.96875pt x 395.22656pt>
File: fig21.png Graphic file (type png)
<use fig21.png>
Package pdftex.def Info: fig21.png  used on input line 820.
(pdftex.def)             Requested size: 227.62204pt x 170.71602pt.

Overfull \hbox (9.10683pt too wide) in paragraph at lines 820--821
 [][] 
 []

[14 <./fig20.png>]
<fig23.png, id=344, 526.96875pt x 395.22656pt>
File: fig23.png Graphic file (type png)
<use fig23.png>
Package pdftex.def Info: fig23.png  used on input line 830.
(pdftex.def)             Requested size: 227.62204pt x 170.71602pt.

Overfull \hbox (9.10683pt too wide) in paragraph at lines 830--831
 [][] 
 []

<fig24.png, id=345, 526.96875pt x 395.22656pt>
File: fig24.png Graphic file (type png)
<use fig24.png>
Package pdftex.def Info: fig24.png  used on input line 834.
(pdftex.def)             Requested size: 227.62204pt x 170.71602pt.

Overfull \hbox (9.10683pt too wide) in paragraph at lines 834--835
 [][] 
 []

<fig25.png, id=348, 526.96875pt x 395.22656pt>
File: fig25.png Graphic file (type png)
<use fig25.png>
Package pdftex.def Info: fig25.png  used on input line 844.
(pdftex.def)             Requested size: 273.14923pt x 204.86768pt.
[15 <./fig22.png (PNG copy)> <./fig21.png (PNG copy)> <./fig23.png (PNG copy)> 
<./fig24.png (PNG copy)> <./fig25.png (PNG copy)>]
<fig26.png, id=357, 526.96875pt x 395.22656pt>
File: fig26.png Graphic file (type png)
<use fig26.png>
Package pdftex.def Info: fig26.png  used on input line 855.
(pdftex.def)             Requested size: 227.62204pt x 170.71602pt.

Overfull \hbox (9.10683pt too wide) in paragraph at lines 855--856
 [][] 
 []

<fig27.png, id=358, 526.96875pt x 395.22656pt>
File: fig27.png Graphic file (type png)
<use fig27.png>
Package pdftex.def Info: fig27.png  used on input line 859.
(pdftex.def)             Requested size: 227.62204pt x 170.71602pt.

Overfull \hbox (9.10683pt too wide) in paragraph at lines 859--860
 [][] 
 []

<fig28.png, id=359, 526.96875pt x 395.22656pt>
File: fig28.png Graphic file (type png)
<use fig28.png>
Package pdftex.def Info: fig28.png  used on input line 869.
(pdftex.def)             Requested size: 227.62204pt x 170.71602pt.

Overfull \hbox (9.10683pt too wide) in paragraph at lines 869--870
 [][] 
 []

<fig29.png, id=360, 526.96875pt x 395.22656pt>
File: fig29.png Graphic file (type png)
<use fig29.png>
Package pdftex.def Info: fig29.png  used on input line 873.
(pdftex.def)             Requested size: 227.62204pt x 170.71602pt.

Overfull \hbox (9.10683pt too wide) in paragraph at lines 873--874
 [][] 
 []

[16 <./fig26.png (PNG copy)> <./fig27.png (PNG copy)> <./fig28.png (PNG copy)> 
<./fig29.png (PNG copy)>] [17]
<fig30.png, id=381, 526.96875pt x 395.22656pt>
File: fig30.png Graphic file (type png)
<use fig30.png>
Package pdftex.def Info: fig30.png  used on input line 1013.
(pdftex.def)             Requested size: 227.62204pt x 170.71602pt.

Overfull \hbox (9.10683pt too wide) in paragraph at lines 1013--1014
 [][] 
 []

<fig31.png, id=382, 526.96875pt x 395.22656pt>
File: fig31.png Graphic file (type png)
<use fig31.png>
Package pdftex.def Info: fig31.png  used on input line 1017.
(pdftex.def)             Requested size: 227.62204pt x 170.71602pt.

Overfull \hbox (9.10683pt too wide) in paragraph at lines 1017--1018
 [][] 
 []

<fig32.png, id=383, 526.96875pt x 395.22656pt>
File: fig32.png Graphic file (type png)
<use fig32.png>
Package pdftex.def Info: fig32.png  used on input line 1027.
(pdftex.def)             Requested size: 170.71652pt x 128.03702pt.
<fig33.png, id=384, 526.96875pt x 395.22656pt>
File: fig33.png Graphic file (type png)
<use fig33.png>
Package pdftex.def Info: fig33.png  used on input line 1031.
(pdftex.def)             Requested size: 170.71652pt x 128.03702pt.
<fig34.png, id=385, 526.96875pt x 395.22656pt>
File: fig34.png Graphic file (type png)
<use fig34.png>
Package pdftex.def Info: fig34.png  used on input line 1035.
(pdftex.def)             Requested size: 170.71652pt x 128.03702pt.
<fig35.png, id=386, 526.96875pt x 395.22656pt>
File: fig35.png Graphic file (type png)
<use fig35.png>
Package pdftex.def Info: fig35.png  used on input line 1039.
(pdftex.def)             Requested size: 170.71652pt x 128.03702pt.
[18 <./fig30.png (PNG copy)> <./fig31.png (PNG copy)> <./fig32.png (PNG copy)> 
<./fig33.png (PNG copy)> <./fig34.png (PNG copy)> <./fig35.png (PNG copy)>]
<fig36.png, id=396, 526.96875pt x 395.22656pt>
File: fig36.png Graphic file (type png)
<use fig36.png>
Package pdftex.def Info: fig36.png  used on input line 1049.
(pdftex.def)             Requested size: 284.52756pt x 213.40709pt.

[19 <./fig36.png (PNG copy)>]
<fig45.png, id=410, 1755.55875pt x 762.85pt>
File: fig45.png Graphic file (type png)
<use fig45.png>
Package pdftex.def Info: fig45.png  used on input line 1188.
(pdftex.def)             Requested size: 341.43306pt x 148.3652pt.
<fig46.png, id=411, 526.96875pt x 395.22656pt>
File: fig46.png Graphic file (type png)
<use fig46.png>
Package pdftex.def Info: fig46.png  used on input line 1197.
(pdftex.def)             Requested size: 227.62204pt x 170.71602pt.

Overfull \hbox (9.10683pt too wide) in paragraph at lines 1197--1198
 [][] 
 []

<fig47.png, id=412, 526.96875pt x 395.22656pt>
File: fig47.png Graphic file (type png)
<use fig47.png>
Package pdftex.def Info: fig47.png  used on input line 1201.
(pdftex.def)             Requested size: 227.62204pt x 170.71602pt.

Overfull \hbox (9.10683pt too wide) in paragraph at lines 1201--1202
 [][] 
 []

[20 <./fig45.png>]
<fig48.png, id=424, 526.96875pt x 395.22656pt>
File: fig48.png Graphic file (type png)
<use fig48.png>
Package pdftex.def Info: fig48.png  used on input line 1209.
(pdftex.def)             Requested size: 227.62204pt x 170.71602pt.
<fig49.png, id=427, 526.96875pt x 395.22656pt>
File: fig49.png Graphic file (type png)
<use fig49.png>
Package pdftex.def Info: fig49.png  used on input line 1222.
(pdftex.def)             Requested size: 227.62204pt x 170.71602pt.

Overfull \hbox (9.10683pt too wide) in paragraph at lines 1222--1223
 [][] 
 []

<fig50.png, id=428, 526.96875pt x 395.22656pt>
File: fig50.png Graphic file (type png)
<use fig50.png>
Package pdftex.def Info: fig50.png  used on input line 1226.
(pdftex.def)             Requested size: 227.62204pt x 170.71602pt.

Overfull \hbox (9.10683pt too wide) in paragraph at lines 1226--1227
 [][] 
 []

<fig51.png, id=429, 526.96875pt x 395.22656pt>
File: fig51.png Graphic file (type png)
<use fig51.png>
Package pdftex.def Info: fig51.png  used on input line 1234.
(pdftex.def)             Requested size: 227.62204pt x 170.71602pt.
[21 <./fig46.png (PNG copy)> <./fig47.png (PNG copy)> <./fig48.png (PNG copy)> 
<./fig49.png (PNG copy)> <./fig50.png (PNG copy)>]
<fig52.png, id=437, 526.96875pt x 395.22656pt>
File: fig52.png Graphic file (type png)
<use fig52.png>
Package pdftex.def Info: fig52.png  used on input line 1262.
(pdftex.def)             Requested size: 142.26378pt x 106.70053pt.

Overfull \hbox (5.68916pt too wide) in paragraph at lines 1262--1263
 [][] 
 []

<fig54.png, id=438, 526.96875pt x 395.22656pt>
File: fig54.png Graphic file (type png)
<use fig54.png>
Package pdftex.def Info: fig54.png  used on input line 1266.
(pdftex.def)             Requested size: 142.26378pt x 106.70053pt.

Overfull \hbox (5.68916pt too wide) in paragraph at lines 1266--1267
 [][] 
 []

<fig56.png, id=439, 526.96875pt x 395.22656pt>
File: fig56.png Graphic file (type png)
<use fig56.png>
Package pdftex.def Info: fig56.png  used on input line 1270.
(pdftex.def)             Requested size: 142.26378pt x 106.70053pt.

Overfull \hbox (5.68916pt too wide) in paragraph at lines 1270--1271
 [][] 
 []

<fig53.png, id=440, 526.96875pt x 395.22656pt>
File: fig53.png Graphic file (type png)
<use fig53.png>
Package pdftex.def Info: fig53.png  used on input line 1274.
(pdftex.def)             Requested size: 142.26378pt x 106.70053pt.

Overfull \hbox (5.68916pt too wide) in paragraph at lines 1274--1275
 [][] 
 []

<fig55.png, id=441, 526.96875pt x 395.22656pt>
File: fig55.png Graphic file (type png)
<use fig55.png>
Package pdftex.def Info: fig55.png  used on input line 1278.
(pdftex.def)             Requested size: 142.26378pt x 106.70053pt.

Overfull \hbox (5.68916pt too wide) in paragraph at lines 1278--1279
 [][] 
 []

<fig57.png, id=442, 526.96875pt x 395.22656pt>
File: fig57.png Graphic file (type png)
<use fig57.png>
Package pdftex.def Info: fig57.png  used on input line 1282.
(pdftex.def)             Requested size: 142.26378pt x 106.70053pt.

Overfull \hbox (5.68916pt too wide) in paragraph at lines 1282--1283
 [][] 
 []

[22 <./fig51.png (PNG copy)> <./fig52.png (PNG copy)> <./fig54.png (PNG copy)> 
<./fig56.png (PNG copy)> <./fig53.png (PNG copy)> <./fig55.png (PNG copy)> <./f
ig57.png (PNG copy)>] (./ME5401.bbl)
\tf@thm=\write5
\openout5 = `ME5401.thm'.

Package atveryend Info: Empty hook `BeforeClearDocument' on input line 1329.
 [23]
Package atveryend Info: Empty hook `AfterLastShipout' on input line 1329.
 (./ME5401.aux)
Package atveryend Info: Executing hook `AtVeryEndDocument' on input line 1329.
Package atveryend Info: Executing hook `AtEndAfterFileList' on input line 1329.

Package rerunfilecheck Info: File `ME5401.out' has not changed.
(rerunfilecheck)             Checksum: 42B98D952E6343FC6E0BB741109D5546;2008.
Package atveryend Info: Empty hook `AtVeryVeryEnd' on input line 1329.
 ) 
Here is how much of TeX's memory you used:
 10568 strings out of 481239
 157908 string characters out of 5920376
 437024 words of memory out of 5000000
 25436 multiletter control sequences out of 15000+600000
 547075 words of font info for 78 fonts, out of 8000000 for 9000
 1141 hyphenation exceptions out of 8191
 41i,31n,42p,877b,423s stack positions out of 5000i,500n,10000p,200000b,80000s
{/usr/share/texmf/fonts/enc/dvips/cm-super/cm-super-ts1.enc}</usr/share/texli
ve/texmf-dist/fonts/type1/public/amsfonts/cm/cmbx10.pfb></usr/share/texlive/tex
mf-dist/fonts/type1/public/amsfonts/cm/cmbx12.pfb></usr/share/texlive/texmf-dis
t/fonts/type1/public/amsfonts/cm/cmbx9.pfb></usr/share/texlive/texmf-dist/fonts
/type1/public/amsfonts/cm/cmex10.pfb></usr/share/texlive/texmf-dist/fonts/type1
/public/amsfonts/cm/cmmi10.pfb></usr/share/texlive/texmf-dist/fonts/type1/publi
c/amsfonts/cm/cmmi5.pfb></usr/share/texlive/texmf-dist/fonts/type1/public/amsfo
nts/cm/cmmi7.pfb></usr/share/texlive/texmf-dist/fonts/type1/public/amsfonts/cm/
cmmi8.pfb></usr/share/texlive/texmf-dist/fonts/type1/public/amsfonts/cm/cmr10.p
fb></usr/share/texlive/texmf-dist/fonts/type1/public/amsfonts/cm/cmr12.pfb></us
r/share/texlive/texmf-dist/fonts/type1/public/amsfonts/cm/cmr5.pfb></usr/share/
texlive/texmf-dist/fonts/type1/public/amsfonts/cm/cmr7.pfb></usr/share/texlive/
texmf-dist/fonts/type1/public/amsfonts/cm/cmr8.pfb></usr/share/texlive/texmf-di
st/fonts/type1/public/amsfonts/cm/cmr9.pfb></usr/share/texlive/texmf-dist/fonts
/type1/public/amsfonts/cm/cmsl12.pfb></usr/share/texlive/texmf-dist/fonts/type1
/public/amsfonts/cm/cmsy10.pfb></usr/share/texlive/texmf-dist/fonts/type1/publi
c/amsfonts/cm/cmsy5.pfb></usr/share/texlive/texmf-dist/fonts/type1/public/amsfo
nts/cm/cmsy6.pfb></usr/share/texlive/texmf-dist/fonts/type1/public/amsfonts/cm/
cmsy7.pfb></usr/share/texlive/texmf-dist/fonts/type1/public/amsfonts/cm/cmti10.
pfb></usr/share/texlive/texmf-dist/fonts/type1/public/amsfonts/cm/cmti12.pfb></
usr/share/texlive/texmf-dist/fonts/type1/public/amsfonts/symbols/msbm10.pfb></u
sr/share/texmf/fonts/type1/public/cm-super/sfrm1000.pfb>
Output written on ME5401.pdf (24 pages, 2199436 bytes).
PDF statistics:
 565 PDF objects out of 1000 (max. 8388607)
 453 compressed objects within 5 object streams
 135 named destinations out of 1000 (max. 500000)
 495 words of extra memory for PDF output out of 10000 (max. 10000000)

